2025-07-20 10:17:58,983 INFO HTTP Request: GET https://dzddytphimhoxeccxqsw.supabase.co/rest/v1/kl_zones?select=%2A&symbol=eq.GC%3DF&time_period=eq.weekly&order=clicked_datetime.desc "HTTP/2 200 OK"
2025-07-20 10:26:30,810 INFO HTTP Request: GET https://dzddytphimhoxeccxqsw.supabase.co/rest/v1/kl_zones?select=%2A&symbol=eq.GC%3DF&time_period=eq.weekly&order=clicked_datetime.desc "HTTP/2 200 OK"
2025-07-20 10:43:05,486 INFO HTTP Request: GET https://dzddytphimhoxeccxqsw.supabase.co/rest/v1/kl_zones?select=%2A&symbol=eq.GC%3DF&time_period=eq.weekly&order=clicked_datetime.desc "HTTP/2 200 OK"
2025-07-20 10:57:58,814 INFO HTTP Request: GET https://dzddytphimhoxeccxqsw.supabase.co/rest/v1/kl_zones?select=%2A&symbol=eq.GC%3DF&time_period=eq.weekly&order=clicked_datetime.desc "HTTP/2 200 OK"
2025-07-20 11:22:21,603 INFO HTTP Request: GET https://dzddytphimhoxeccxqsw.supabase.co/rest/v1/kl_zones?select=%2A&symbol=eq.GC%3DF&time_period=eq.weekly&order=clicked_datetime.desc "HTTP/2 200 OK"
2025-07-20 11:22:35,351 INFO HTTP Request: POST https://dzddytphimhoxeccxqsw.supabase.co/rest/v1/kl_zones "HTTP/2 201 Created"
2025-07-20 11:52:00,829 INFO HTTP Request: GET https://dzddytphimhoxeccxqsw.supabase.co/rest/v1/kl_zones?select=%2A&symbol=eq.GC%3DF&time_period=eq.weekly&order=clicked_datetime.desc "HTTP/2 200 OK"
2025-07-20 12:02:36,050 INFO HTTP Request: GET https://dzddytphimhoxeccxqsw.supabase.co/rest/v1/kl_zones?select=%2A&symbol=eq.GC%3DF&time_period=eq.weekly&order=clicked_datetime.desc "HTTP/2 200 OK"
2025-07-20 12:02:51,758 INFO HTTP Request: POST https://dzddytphimhoxeccxqsw.supabase.co/rest/v1/kl_zones "HTTP/2 201 Created"
2025-07-20 12:52:05,459 INFO HTTP Request: GET https://dzddytphimhoxeccxqsw.supabase.co/rest/v1/kl_zones?select=%2A&symbol=eq.GC%3DF&time_period=eq.weekly&order=clicked_datetime.desc "HTTP/2 200 OK"
2025-07-20 14:51:09,821 INFO HTTP Request: GET https://dzddytphimhoxeccxqsw.supabase.co/rest/v1/kl_zones?select=%2A&symbol=eq.GC%3DF&time_period=eq.weekly&order=clicked_datetime.desc "HTTP/2 200 OK"
2025-07-20 14:54:26,909 INFO HTTP Request: GET https://dzddytphimhoxeccxqsw.supabase.co/rest/v1/kl_zones?select=%2A&symbol=eq.GC%3DF&time_period=eq.weekly&order=clicked_datetime.desc "HTTP/2 200 OK"
2025-07-20 14:55:15,629 INFO HTTP Request: GET https://dzddytphimhoxeccxqsw.supabase.co/rest/v1/kl_zones?select=%2A&symbol=eq.GC%3DF&time_period=eq.weekly&order=clicked_datetime.desc "HTTP/2 200 OK"
2025-07-20 14:59:55,006 INFO HTTP Request: GET https://dzddytphimhoxeccxqsw.supabase.co/rest/v1/kl_zones?select=%2A&symbol=eq.GC%3DF&time_period=eq.weekly&order=clicked_datetime.desc "HTTP/2 200 OK"
2025-07-20 15:01:07,151 INFO HTTP Request: GET https://dzddytphimhoxeccxqsw.supabase.co/rest/v1/kl_zones?select=%2A&symbol=eq.GC%3DF&time_period=eq.weekly&order=clicked_datetime.desc "HTTP/2 200 OK"
2025-07-20 15:04:35,974 INFO HTTP Request: GET https://dzddytphimhoxeccxqsw.supabase.co/rest/v1/kl_zones?select=%2A&symbol=eq.GC%3DF&time_period=eq.weekly&order=clicked_datetime.desc "HTTP/2 200 OK"
2025-07-20 15:12:08,674 INFO HTTP Request: GET https://dzddytphimhoxeccxqsw.supabase.co/rest/v1/kl_zones?select=%2A&symbol=eq.GC%3DF&time_period=eq.weekly&order=clicked_datetime.desc "HTTP/2 200 OK"
2025-07-20 15:26:15,741 INFO HTTP Request: GET https://dzddytphimhoxeccxqsw.supabase.co/rest/v1/kl_zones?select=%2A&symbol=eq.GC%3DF&time_period=eq.weekly&order=clicked_datetime.desc "HTTP/2 200 OK"
2025-07-20 16:31:47,210 INFO HTTP Request: GET https://dzddytphimhoxeccxqsw.supabase.co/rest/v1/kl_zones?select=%2A&symbol=eq.GC%3DF&time_period=eq.weekly&order=clicked_datetime.desc "HTTP/2 200 OK"
2025-07-20 16:58:08,979 INFO HTTP Request: GET https://dzddytphimhoxeccxqsw.supabase.co/rest/v1/kl_zones?select=%2A&symbol=eq.GC%3DF&time_period=eq.weekly&order=clicked_datetime.desc "HTTP/2 200 OK"
2025-07-20 17:10:15,322 INFO HTTP Request: GET https://dzddytphimhoxeccxqsw.supabase.co/rest/v1/kl_zones?select=%2A&symbol=eq.GC%3DF&time_period=eq.weekly&order=clicked_datetime.desc "HTTP/2 200 OK"
2025-07-20 17:33:05,595 INFO HTTP Request: GET https://dzddytphimhoxeccxqsw.supabase.co/rest/v1/kl_zones?select=%2A&symbol=eq.GC%3DF&time_period=eq.weekly&order=clicked_datetime.desc "HTTP/2 200 OK"
2025-07-20 17:47:52,371 INFO HTTP Request: GET https://dzddytphimhoxeccxqsw.supabase.co/rest/v1/kl_zones?select=%2A&symbol=eq.GC%3DF&time_period=eq.weekly&order=clicked_datetime.desc "HTTP/2 200 OK"
2025-07-20 18:21:02,845 INFO HTTP Request: POST https://dzddytphimhoxeccxqsw.supabase.co/rest/v1/kl_zones "HTTP/2 201 Created"
2025-07-20 18:43:13,244 INFO HTTP Request: GET https://dzddytphimhoxeccxqsw.supabase.co/rest/v1/kl_zones?select=%2A&symbol=eq.GC%3DF&time_period=eq.weekly&order=clicked_datetime.desc "HTTP/2 200 OK"
2025-07-20 18:54:38,069 INFO HTTP Request: GET https://dzddytphimhoxeccxqsw.supabase.co/rest/v1/kl_zones?select=%2A&symbol=eq.GC%3DF&time_period=eq.weekly&order=clicked_datetime.desc "HTTP/2 200 OK"
2025-07-20 18:55:19,351 INFO HTTP Request: GET https://dzddytphimhoxeccxqsw.supabase.co/rest/v1/kl_zones?select=%2A&symbol=eq.GC%3DF&time_period=eq.weekly&order=clicked_datetime.desc "HTTP/2 200 OK"
2025-07-20 18:56:20,123 INFO HTTP Request: GET https://dzddytphimhoxeccxqsw.supabase.co/rest/v1/kl_zones?select=%2A&symbol=eq.6E%3DF&time_period=eq.weekly&order=clicked_datetime.desc "HTTP/2 200 OK"
2025-07-20 18:57:45,112 INFO HTTP Request: GET https://dzddytphimhoxeccxqsw.supabase.co/rest/v1/kl_zones?select=%2A&symbol=eq.6E%3DF&time_period=eq.weekly&order=clicked_datetime.desc "HTTP/2 200 OK"
2025-07-20 18:58:10,854 INFO HTTP Request: GET https://dzddytphimhoxeccxqsw.supabase.co/rest/v1/kl_zones?select=%2A&symbol=eq.6E%3DF&time_period=eq.weekly&order=clicked_datetime.desc "HTTP/2 200 OK"
2025-07-20 18:58:14,270 INFO HTTP Request: POST https://dzddytphimhoxeccxqsw.supabase.co/rest/v1/kl_zones "HTTP/2 201 Created"
2025-07-20 18:58:14,934 INFO HTTP Request: GET https://dzddytphimhoxeccxqsw.supabase.co/rest/v1/kl_zones?select=%2A&symbol=eq.6E%3DF&time_period=eq.weekly&order=clicked_datetime.desc "HTTP/2 200 OK"
2025-07-20 18:59:30,342 INFO HTTP Request: GET https://dzddytphimhoxeccxqsw.supabase.co/rest/v1/kl_zones?select=%2A&symbol=eq.6A%3DF&time_period=eq.weekly&order=clicked_datetime.desc "HTTP/2 200 OK"
2025-07-20 19:00:49,851 INFO HTTP Request: GET https://dzddytphimhoxeccxqsw.supabase.co/rest/v1/kl_zones?select=%2A&symbol=eq.6A%3DF&time_period=eq.weekly&order=clicked_datetime.desc "HTTP/2 200 OK"
2025-07-20 19:00:50,731 INFO HTTP Request: GET https://dzddytphimhoxeccxqsw.supabase.co/rest/v1/kl_zones?select=%2A&symbol=eq.6A%3DF&time_period=eq.weekly&order=clicked_datetime.desc "HTTP/2 200 OK"
2025-07-20 19:00:54,800 INFO HTTP Request: POST https://dzddytphimhoxeccxqsw.supabase.co/rest/v1/kl_zones "HTTP/2 201 Created"
2025-07-20 19:00:55,302 INFO HTTP Request: GET https://dzddytphimhoxeccxqsw.supabase.co/rest/v1/kl_zones?select=%2A&symbol=eq.6A%3DF&time_period=eq.weekly&order=clicked_datetime.desc "HTTP/2 200 OK"
2025-07-20 19:02:25,537 INFO HTTP Request: GET https://dzddytphimhoxeccxqsw.supabase.co/rest/v1/kl_zones?select=%2A&symbol=eq.6A%3DF&time_period=eq.weekly&order=clicked_datetime.desc "HTTP/2 200 OK"
2025-07-20 19:03:00,638 INFO HTTP Request: GET https://dzddytphimhoxeccxqsw.supabase.co/rest/v1/kl_zones?select=%2A&symbol=eq.6A%3DF&time_period=eq.weekly&order=clicked_datetime.desc "HTTP/2 200 OK"
2025-07-20 19:03:01,365 INFO HTTP Request: DELETE https://dzddytphimhoxeccxqsw.supabase.co/rest/v1/kl_zones?id=eq.9cfeec01-ae70-4a99-9505-d1c4fee75036 "HTTP/2 200 OK"
2025-07-20 19:03:02,787 INFO HTTP Request: GET https://dzddytphimhoxeccxqsw.supabase.co/rest/v1/kl_zones?select=%2A&symbol=eq.6A%3DF&time_period=eq.weekly&order=clicked_datetime.desc "HTTP/2 200 OK"
2025-07-20 19:04:49,111 INFO HTTP Request: GET https://dzddytphimhoxeccxqsw.supabase.co/rest/v1/kl_zones?select=%2A&symbol=eq.6A%3DF&time_period=eq.weekly&order=clicked_datetime.desc "HTTP/2 200 OK"
2025-07-20 19:05:06,272 INFO HTTP Request: GET https://dzddytphimhoxeccxqsw.supabase.co/rest/v1/kl_zones?select=%2A&symbol=eq.6A%3DF&time_period=eq.weekly&order=clicked_datetime.desc "HTTP/2 200 OK"
2025-07-20 19:05:16,048 INFO HTTP Request: GET https://dzddytphimhoxeccxqsw.supabase.co/rest/v1/kl_zones?select=%2A&symbol=eq.6A%3DF&time_period=eq.weekly&order=clicked_datetime.desc "HTTP/2 200 OK"
2025-07-20 19:05:19,347 INFO HTTP Request: POST https://dzddytphimhoxeccxqsw.supabase.co/rest/v1/kl_zones "HTTP/2 201 Created"
2025-07-20 19:05:19,886 INFO HTTP Request: GET https://dzddytphimhoxeccxqsw.supabase.co/rest/v1/kl_zones?select=%2A&symbol=eq.6A%3DF&time_period=eq.weekly&order=clicked_datetime.desc "HTTP/2 200 OK"
2025-07-20 19:05:45,023 INFO HTTP Request: GET https://dzddytphimhoxeccxqsw.supabase.co/rest/v1/kl_zones?select=%2A&symbol=eq.6A%3DF&time_period=eq.weekly&order=clicked_datetime.desc "HTTP/2 200 OK"
2025-07-20 19:05:51,497 INFO HTTP Request: POST https://dzddytphimhoxeccxqsw.supabase.co/rest/v1/kl_zones "HTTP/2 201 Created"
2025-07-20 19:05:52,334 INFO HTTP Request: GET https://dzddytphimhoxeccxqsw.supabase.co/rest/v1/kl_zones?select=%2A&symbol=eq.6A%3DF&time_period=eq.weekly&order=clicked_datetime.desc "HTTP/2 200 OK"
2025-07-20 19:06:19,393 INFO HTTP Request: GET https://dzddytphimhoxeccxqsw.supabase.co/rest/v1/kl_zones?select=%2A&symbol=eq.6A%3DF&time_period=eq.weekly&order=clicked_datetime.desc "HTTP/2 200 OK"
2025-07-20 19:36:08,472 INFO HTTP Request: POST https://dzddytphimhoxeccxqsw.supabase.co/rest/v1/kl_zones "HTTP/2 201 Created"
2025-07-20 19:36:16,730 INFO HTTP Request: POST https://dzddytphimhoxeccxqsw.supabase.co/rest/v1/kl_zones "HTTP/2 201 Created"
2025-07-20 19:36:55,153 INFO HTTP Request: POST https://dzddytphimhoxeccxqsw.supabase.co/rest/v1/kl_zones "HTTP/2 201 Created"
2025-07-20 19:37:23,207 INFO HTTP Request: POST https://dzddytphimhoxeccxqsw.supabase.co/rest/v1/kl_zones "HTTP/2 201 Created"
2025-07-20 19:40:15,936 INFO HTTP Request: POST https://dzddytphimhoxeccxqsw.supabase.co/rest/v1/kl_zones "HTTP/2 201 Created"
2025-07-20 19:40:36,311 INFO HTTP Request: POST https://dzddytphimhoxeccxqsw.supabase.co/rest/v1/kl_zones "HTTP/2 201 Created"
